<?xml version="1.0" encoding="UTF-8"?>
<!-- Generated by org.testng.reporters.JUnitXMLReporter -->
<testsuite hostname="LAPTOP-JF89UMLV" ignored="0" name="Login" tests="2" failures="1" timestamp="2021-05-16T00:10:53 IST" time="18.882" errors="0">
  <testcase name="isUserNameDisplayedTest" time="10.008" classname="Testcases.HomePageTest"/>
  <testcase name="LHSNameTest" time="0.811" classname="Testcases.HomePageTest">
    <failure type="java.lang.AssertionError" message="Lists differ at element [1]: Calendar != Calendars expected [Calendar] but found [Calendars]">
      <![CDATA[java.lang.AssertionError: Lists differ at element [1]: Calendar != Calendars expected [Calendar] but found [Calendars]
at Testcases.HomePageTest.LHSNameTest(HomePageTest.java:50)
at java.util.ArrayList.forEach(Unknown Source)
... Removed 32 stack frames]]>
    </failure>
  </testcase> <!-- LHSNameTest -->
</testsuite> <!-- Login -->
