<?xml version="1.0" encoding="UTF-8"?>
<!-- Generated by org.testng.reporters.JUnitXMLReporter -->
<testsuite hostname="LAPTOP-JF89UMLV" ignored="0" name="Test" tests="1" failures="0" timestamp="2021-05-15T21:58:34 IST" time="0.19" errors="0">
  <testcase name="@BeforeMethod setUp" time="0.116" classname="Testcases.LoginPageTest">
    <failure type="java.lang.NullPointerException">
      <![CDATA[java.lang.NullPointerException
at org.openqa.selenium.support.events.EventFiringWebDriver.extractInterfaces(EventFiringWebDriver.java:120)
at org.openqa.selenium.support.events.EventFiringWebDriver.<init>(EventFiringWebDriver.java:94)
at Testbase.Testbase.initialization(Testbase.java:66)
at Testcases.LoginPageTest.setUp(LoginPageTest.java:29)
at java.util.ArrayList.forEach(Unknown Source)
... Removed 31 stack frames]]>
    </failure>
  </testcase> <!-- @BeforeMethod setUp -->
  <testcase name="@AfterMethod tearDown" time="-1.62109611409E9" classname="Testcases.LoginPageTest">
    <skipped/>
  </testcase> <!-- @AfterMethod tearDown -->
  <testcase name="loginPageTitleTest" time="0.0" classname="Testcases.LoginPageTest">
    <skipped/>
  </testcase> <!-- loginPageTitleTest -->
</testsuite> <!-- Test -->
