<?xml version="1.0" encoding="UTF-8"?>
<testng-results skipped="0" failed="0" ignored="0" total="1" passed="1">
  <reporter-output>
  </reporter-output>
  <suite name="Default suite" duration-ms="47993" started-at="2021-05-16T10:45:05 IST" finished-at="2021-05-16T10:45:53 IST">
    <groups>
    </groups>
    <test name="Default test" duration-ms="47993" started-at="2021-05-16T10:45:05 IST" finished-at="2021-05-16T10:45:53 IST">
      <class name="Testcases.HomePageTest">
        <test-method status="PASS" signature="setUp()[pri:0, instance:Testcases.HomePageTest@6fb0d3ed]" name="setUp" is-config="true" duration-ms="8402" started-at="2021-05-16T10:45:05 IST" finished-at="2021-05-16T10:45:14 IST">
          <reporter-output>
          </reporter-output>
        </test-method> <!-- setUp -->
        <test-method status="PASS" signature="clickLHSNameTest()[pri:2, instance:Testcases.HomePageTest@6fb0d3ed]" name="clickLHSNameTest" duration-ms="38250" started-at="2021-05-16T10:45:14 IST" finished-at="2021-05-16T10:45:52 IST">
          <reporter-output>
          </reporter-output>
        </test-method> <!-- clickLHSNameTest -->
        <test-method status="PASS" signature="tearDown()[pri:0, instance:Testcases.HomePageTest@6fb0d3ed]" name="tearDown" is-config="true" duration-ms="1295" started-at="2021-05-16T10:45:52 IST" finished-at="2021-05-16T10:45:53 IST">
          <reporter-output>
          </reporter-output>
        </test-method> <!-- tearDown -->
      </class> <!-- Testcases.HomePageTest -->
    </test> <!-- Default test -->
  </suite> <!-- Default suite -->
</testng-results>
